TN:
SF:/Users/sara/NodeJs/mq/app.js
FN:5,logger
FN:10,errorHandler
FNF:2
FNH:1
FNDA:2,logger
FNDA:0,errorHandler
DA:1,1
DA:2,1
DA:3,1
DA:6,2
DA:7,2
DA:13,0
DA:14,0
DA:20,1
DA:21,1
DA:22,1
DA:23,1
DA:24,1
DA:26,1
LF:13
LH:11
BRDA:13,0,0,0
BRDA:13,0,1,0
BRDA:14,1,0,0
BRDA:14,1,1,0
BRDA:15,2,0,0
BRDA:15,2,1,0
BRDA:16,3,0,0
BRDA:16,3,1,0
BRF:8
BRH:0
end_of_record
TN:
SF:/Users/sara/NodeJs/mq/db.js
FN:5,(anonymous_0)
FN:7,(anonymous_1)
FN:7,(anonymous_2)
FN:8,(anonymous_3)
FN:8,(anonymous_4)
FNF:5
FNH:0
FNDA:0,(anonymous_0)
FNDA:0,(anonymous_1)
FNDA:0,(anonymous_2)
FNDA:0,(anonymous_3)
FNDA:0,(anonymous_4)
DA:1,1
DA:2,1
DA:3,1
DA:5,1
DA:6,0
DA:7,0
DA:8,0
DA:9,0
LF:8
LH:4
BRF:0
BRH:0
end_of_record
TN:
SF:/Users/sara/NodeJs/mq/model.js
FN:6,(anonymous_0)
FNF:1
FNH:0
FNDA:0,(anonymous_0)
DA:1,1
DA:2,1
DA:7,0
DA:11,1
LF:4
LH:3
BRF:0
BRH:0
end_of_record
TN:
SF:/Users/sara/NodeJs/mq/rabbitmq.js
FN:6,pingMQ
FN:11,publishMsg
FN:27,(anonymous_2)
FN:32,(anonymous_3)
FN:50,receiveQ
FN:51,(anonymous_5)
FN:55,(anonymous_6)
FN:66,(anonymous_7)
FNF:8
FNH:0
FNDA:0,pingMQ
FNDA:0,publishMsg
FNDA:0,(anonymous_2)
FNDA:0,(anonymous_3)
FNDA:0,receiveQ
FNDA:0,(anonymous_5)
FNDA:0,(anonymous_6)
FNDA:0,(anonymous_7)
DA:1,1
DA:2,1
DA:3,1
DA:7,0
DA:8,0
DA:27,0
DA:28,0
DA:29,0
DA:32,0
DA:33,0
DA:34,0
DA:38,0
DA:42,0
DA:43,0
DA:51,0
DA:52,0
DA:53,0
DA:55,0
DA:56,0
DA:57,0
DA:60,0
DA:64,0
DA:66,0
DA:67,0
DA:77,1
LF:25
LH:4
BRDA:28,0,0,0
BRDA:28,0,1,0
BRDA:33,1,0,0
BRDA:33,1,1,0
BRDA:52,2,0,0
BRDA:52,2,1,0
BRDA:56,3,0,0
BRDA:56,3,1,0
BRF:8
BRH:0
end_of_record
TN:
SF:/Users/sara/NodeJs/mq/routes.js
FN:8,(anonymous_0)
FN:13,(anonymous_1)
FN:23,(anonymous_2)
FNF:3
FNH:2
FNDA:1,(anonymous_0)
FNDA:1,(anonymous_1)
FNDA:0,(anonymous_2)
DA:1,1
DA:2,1
DA:3,1
DA:4,1
DA:5,1
DA:7,1
DA:9,1
DA:12,1
DA:14,1
DA:15,1
DA:16,1
DA:19,0
DA:24,0
DA:25,0
DA:26,0
DA:27,0
DA:30,1
LF:17
LH:12
BRDA:14,0,0,1
BRDA:14,0,1,0
BRF:2
BRH:1
end_of_record
TN:
SF:/Users/sara/NodeJs/mq/services/todo.services.js
FN:4,getTodo
FNF:1
FNH:1
FNDA:2,getTodo
DA:1,2
DA:2,2
DA:5,2
DA:6,2
DA:12,2
DA:13,2
DA:14,2
DA:17,0
DA:18,0
DA:24,2
LF:10
LH:8
BRDA:5,0,0,2
BRDA:5,0,1,0
BRF:2
BRH:1
end_of_record
